#
# There is insufficient memory for the Java Runtime Environment to continue.
# Native memory allocation (malloc) failed to allocate 32744 bytes for ChunkPool::allocate
# Possible reasons:
#   The system is out of physical RAM or swap space
#   In 32 bit mode, the process size limit was hit
# Possible solutions:
#   Reduce memory load on the system
#   Increase physical memory or swap space
#   Check if swap backing store is full
#   Use 64 bit Java on a 64 bit OS
#   Decrease Java heap size (-Xmx/-Xms)
#   Decrease number of Java threads
#   Decrease Java thread stack sizes (-Xss)
#   Set larger code cache with -XX:ReservedCodeCacheSize=
# This output file may be truncated or incomplete.
#
#  Out of Memory Error (allocation.cpp:273), pid=47516, tid=0x0000000000003468
#
# JRE version: Java(TM) SE Runtime Environment (8.0_111-b14) (build 1.8.0_111-b14)
# Java VM: Java HotSpot(TM) 64-Bit Server VM (25.111-b14 mixed mode windows-amd64 compressed oops)
# Failed to write core dump. Minidumps are not enabled by default on client versions of Windows
#

---------------  T H R E A D  ---------------

Current thread (0x000000001b1d8000):  JavaThread "AWT-EventQueue-0" [_thread_in_vm, id=13416, stack(0x000000001c510000,0x000000001c610000)]

Stack: [0x000000001c510000,0x000000001c610000]
[error occurred during error reporting (printing stack bounds), id 0xc0000005]

Native frames: (J=compiled Java code, j=interpreted, Vv=VM code, C=native code)

Java frames: (J=compiled Java code, j=interpreted, Vv=VM code)
J 46  java.lang.Object.hashCode()I (0 bytes) @ 0x00000000035bef3b [0x00000000035bef00+0x3b]
j  java.util.WeakHashMap.hash(Ljava/lang/Object;)I+1
j  java.util.WeakHashMap.remove(Ljava/lang/Object;)Ljava/lang/Object;+7
j  javax.swing.plaf.nimbus.NimbusDefaults.clearOverridesCache(Ljavax/swing/JComponent;)V+5
j  javax.swing.plaf.nimbus.NimbusLookAndFeel.shouldUpdateStyleOnEvent(Ljava/beans/PropertyChangeEvent;)Z+48
j  javax.swing.plaf.synth.SynthLookAndFeel.shouldUpdateStyle(Ljava/beans/PropertyChangeEvent;)Z+16
j  javax.swing.plaf.synth.SynthPanelUI.propertyChange(Ljava/beans/PropertyChangeEvent;)V+1
j  java.beans.PropertyChangeSupport.fire([Ljava/beans/PropertyChangeListener;Ljava/beans/PropertyChangeEvent;)V+27
j  java.beans.PropertyChangeSupport.firePropertyChange(Ljava/beans/PropertyChangeEvent;)V+71
j  java.beans.PropertyChangeSupport.firePropertyChange(Ljava/lang/String;Ljava/lang/Object;Ljava/lang/Object;)V+31
j  java.awt.Component.firePropertyChange(Ljava/lang/String;Ljava/lang/Object;Ljava/lang/Object;)V+55
j  java.awt.Component.setName(Ljava/lang/String;)V+39
j  javax.swing.JRootPane.createGlassPane()Ljava/awt/Component;+31
j  javax.swing.JRootPane.<init>()V+11
j  javax.swing.JDialog.createRootPane()Ljavax/swing/JRootPane;+4
j  javax.swing.JDialog.dialogInit()V+16
j  javax.swing.JDialog.<init>(Ljava/awt/Frame;Ljava/lang/String;Z)V+48
j  javax.swing.JOptionPane.createDialog(Ljava/awt/Component;Ljava/lang/String;I)Ljavax/swing/JDialog;+25
j  javax.swing.JOptionPane.showOptionDialog(Ljava/awt/Component;Ljava/lang/Object;Ljava/lang/String;IILjavax/swing/Icon;[Ljava/lang/Object;Ljava/lang/Object;)I+58
j  javax.swing.JOptionPane.showConfirmDialog(Ljava/awt/Component;Ljava/lang/Object;Ljava/lang/String;IILjavax/swing/Icon;)I+10
j  javax.swing.JOptionPane.showConfirmDialog(Ljava/awt/Component;Ljava/lang/Object;Ljava/lang/String;II)I+7
j  javax.swing.JOptionPane.showConfirmDialog(Ljava/awt/Component;Ljava/lang/Object;Ljava/lang/String;I)I+5
j  Login.jButton3ActionPerformed(Ljava/awt/event/ActionEvent;)V+6
j  Login.access$300(LLogin;Ljava/awt/event/ActionEvent;)V+2
j  Login$4.actionPerformed(Ljava/awt/event/ActionEvent;)V+5
j  javax.swing.AbstractButton.fireActionPerformed(Ljava/awt/event/ActionEvent;)V+83
j  javax.swing.AbstractButton$Handler.actionPerformed(Ljava/awt/event/ActionEvent;)V+5
j  javax.swing.DefaultButtonModel.fireActionPerformed(Ljava/awt/event/ActionEvent;)V+34
j  javax.swing.DefaultButtonModel.setPressed(Z)V+117
j  javax.swing.plaf.basic.BasicButtonListener.mouseReleased(Ljava/awt/event/MouseEvent;)V+35
j  java.awt.Component.processMouseEvent(Ljava/awt/event/MouseEvent;)V+64
j  javax.swing.JComponent.processMouseEvent(Ljava/awt/event/MouseEvent;)V+23
j  java.awt.Component.processEvent(Ljava/awt/AWTEvent;)V+81
j  java.awt.Container.processEvent(Ljava/awt/AWTEvent;)V+18
j  java.awt.Component.dispatchEventImpl(Ljava/awt/AWTEvent;)V+589
j  java.awt.Container.dispatchEventImpl(Ljava/awt/AWTEvent;)V+42
j  java.awt.Component.dispatchEvent(Ljava/awt/AWTEvent;)V+2
j  java.awt.LightweightDispatcher.retargetMouseEvent(Ljava/awt/Component;ILjava/awt/event/MouseEvent;)V+327
j  java.awt.LightweightDispatcher.processMouseEvent(Ljava/awt/event/MouseEvent;)Z+155
j  java.awt.LightweightDispatcher.dispatchEvent(Ljava/awt/AWTEvent;)Z+50
j  java.awt.Container.dispatchEventImpl(Ljava/awt/AWTEvent;)V+12
j  java.awt.Window.dispatchEventImpl(Ljava/awt/AWTEvent;)V+19
j  java.awt.Component.dispatchEvent(Ljava/awt/AWTEvent;)V+2
j  java.awt.EventQueue.dispatchEventImpl(Ljava/awt/AWTEvent;Ljava/lang/Object;)V+41
j  java.awt.EventQueue.access$500(Ljava/awt/EventQueue;Ljava/awt/AWTEvent;Ljava/lang/Object;)V+3
j  java.awt.EventQueue$3.run()Ljava/lang/Void;+32
j  java.awt.EventQueue$3.run()Ljava/lang/Object;+1
v  ~StubRoutines::call_stub
J 608  java.security.AccessController.doPrivileged(Ljava/security/PrivilegedAction;Ljava/security/AccessControlContext;)Ljava/lang/Object; (0 bytes) @ 0x00000000036e6b66 [0x00000000036e6b00+0x66]
J 609 C1 java.security.ProtectionDomain$JavaSecurityAccessImpl.doIntersectionPrivilege(Ljava/security/PrivilegedAction;Ljava/security/AccessControlContext;Ljava/security/AccessControlContext;)Ljava/lang/Object; (22 bytes) @ 0x00000000036e736c [0x00000000036e6f00+0x46c]
j  java.security.ProtectionDomain$JavaSecurityAccessImpl.doIntersectionPrivilege(Ljava/security/PrivilegedAction;Ljava/security/AccessControlContext;)Ljava/lang/Object;+6
j  java.awt.EventQueue$4.run()Ljava/lang/Void;+11
j  java.awt.EventQueue$4.run()Ljava/lang/Object;+1
v  ~StubRoutines::call_stub
J 608  java.security.AccessController.doPrivileged(Ljava/security/PrivilegedAction;Ljava/security/AccessControlContext;)Ljava/lang/Object; (0 bytes) @ 0x00000000036e6b66 [0x00000000036e6b00+0x66]
J 609 C1 java.security.ProtectionDomain$JavaSecurityAccessImpl.doIntersectionPrivilege(Ljava/security/PrivilegedAction;Ljava/security/AccessControlContext;Ljava/security/AccessControlContext;)Ljava/lang/Object; (22 bytes) @ 0x00000000036e736c [0x00000000036e6f00+0x46c]
j  java.awt.EventQueue.dispatchEvent(Ljava/awt/AWTEvent;)V+73
j  java.awt.EventDispatchThread.pumpOneEventForFilters(I)V+245
j  java.awt.EventDispatchThread.pumpEventsForFilter(ILjava/awt/Conditional;Ljava/awt/EventFilter;)V+35
j  java.awt.EventDispatchThread.pumpEventsForHierarchy(ILjava/awt/Conditional;Ljava/awt/Component;)V+11
j  java.awt.EventDispatchThread.pumpEvents(ILjava/awt/Conditional;)V+4
j  java.awt.EventDispatchThread.pumpEvents(Ljava/awt/Conditional;)V+3
j  java.awt.EventDispatchThread.run()V+9
v  ~StubRoutines::call_stub

---------------  P R O C E S S  ---------------

Java Threads: ( => current thread )
  0x000000000349d800 JavaThread "DestroyJavaVM" [_thread_blocked, id=3344, stack(0x00000000030e0000,0x00000000031e0000)]
=>0x000000001b1d8000 JavaThread "AWT-EventQueue-0" [_thread_in_vm, id=13416, stack(0x000000001c510000,0x000000001c610000)]
  0x000000001b17b000 JavaThread "AWT-Windows" daemon [_thread_in_native, id=17172, stack(0x000000001bb20000,0x000000001bc20000)]
  0x000000001b178800 JavaThread "AWT-Shutdown" [_thread_blocked, id=17048, stack(0x000000001ba20000,0x000000001bb20000)]
  0x000000001b177800 JavaThread "Java2D Disposer" daemon [_thread_blocked, id=18060, stack(0x000000001b920000,0x000000001ba20000)]
  0x000000001a2a4800 JavaThread "Service Thread" daemon [_thread_blocked, id=2132, stack(0x000000001add0000,0x000000001aed0000)]
  0x000000001a210800 JavaThread "C1 CompilerThread3" daemon [_thread_in_vm, id=23288, stack(0x000000001acd0000,0x000000001add0000)]
  0x000000001a1ff800 JavaThread "C2 CompilerThread2" daemon [_thread_blocked, id=51468, stack(0x000000001abd0000,0x000000001acd0000)]
  0x000000001a1fb000 JavaThread "C2 CompilerThread1" daemon [_thread_blocked, id=8860, stack(0x000000001aad0000,0x000000001abd0000)]
  0x000000001a1f7800 JavaThread "C2 CompilerThread0" daemon [_thread_blocked, id=28224, stack(0x000000001a9d0000,0x000000001aad0000)]
  0x000000001a1f6800 JavaThread "Attach Listener" daemon [_thread_blocked, id=20292, stack(0x000000001a8d0000,0x000000001a9d0000)]
  0x000000001a1f5000 JavaThread "Signal Dispatcher" daemon [_thread_blocked, id=34380, stack(0x000000001a7d0000,0x000000001a8d0000)]
  0x00000000033be000 JavaThread "Finalizer" daemon [_thread_blocked, id=25408, stack(0x000000001a5d0000,0x000000001a6d0000)]
  0x00000000182fd000 JavaThread "Reference Handler" daemon [_thread_blocked, id=21704, stack(0x000000001a0d0000,0x000000001a1d0000)]

Other Threads:
  0x00000000182f7000 VMThread [stack: 0x0000000019fd0000,0x000000001a0d0000] [id=31284]
  0x000000001a2b5800 WatcherThread [stack: 0x000000001aed0000,0x000000001afd0000] [id=42312]

VM state:not at safepoint (normal execution)

VM Mutex/Monitor currently owned by a thread: None

Heap:
 PSYoungGen      total 37888K, used 13025K [0x00000000d6900000, 0x00000000d9300000, 0x0000000100000000)
  eden space 32768K, 39% used [0x00000000d6900000,0x00000000d75b8578,0x00000000d8900000)
  from space 5120K, 0% used [0x00000000d8e00000,0x00000000d8e00000,0x00000000d9300000)
  to   space 5120K, 0% used [0x00000000d8900000,0x00000000d8900000,0x00000000d8e00000)
 ParOldGen       total 86016K, used 0K [0x0000000083a00000, 0x0000000088e00000, 0x00000000d6900000)
  object space 86016K, 0% used [0x0000000083a00000,0x0000000083a00000,0x0000000088e00000)
 Metaspace       used 12282K, capacity 12518K, committed 12800K, reserved 1060864K
  class space    used 1594K, capacity 1671K, committed 1792K, reserved 1048576K

Card table byte_map: [0x0000000012860000,0x0000000012c50000] byte_map_base: 0x0000000012443000

Marking Bits: (ParMarkBitMap*) 0x000000007772a6c0
 Begin Bits: [0x00000000136f0000, 0x0000000015608000)
 End Bits:   [0x0000000015608000, 0x0000000017520000)

Polling page: 0x00000000018a0000

CodeCache: size=245760Kb used=2461Kb max_used=2461Kb free=243298Kb
 bounds [0x00000000034a0000, 0x0000000003710000, 0x00000000124a0000]
 total_blobs=1129 nmethods=634 adapters=408
 compilation: enabled

Compilation events (10 events):
Event: 6.177 Thread 0x000000001a210800 nmethod 625 0x00000000036ebe90 code [0x00000000036ec000, 0x00000000036ec198]
Event: 6.178 Thread 0x000000001a210800  626       3       javax.swing.plaf.nimbus.NimbusDefaults$LazyStyle::matches (229 bytes)
Event: 6.179 Thread 0x000000001a210800 nmethod 626 0x00000000036ec250 code [0x00000000036ec500, 0x00000000036ed6f8]
Event: 6.179 Thread 0x000000001a210800  627       3       java.awt.Component::checkTreeLock (21 bytes)
Event: 6.180 Thread 0x000000001a210800 nmethod 627 0x00000000036edf50 code [0x00000000036ee0e0, 0x00000000036ee438]
Event: 6.180 Thread 0x000000001a210800  628       3       java.awt.Color::getRed (12 bytes)
Event: 6.180 Thread 0x000000001a210800 nmethod 628 0x00000000036ee550 code [0x00000000036ee6c0, 0x00000000036ee8e8]
Event: 6.180 Thread 0x000000001a210800  629       3       java.awt.Color::getGreen (12 bytes)
Event: 6.180 Thread 0x000000001a210800 nmethod 629 0x00000000036ee990 code [0x00000000036eeb00, 0x00000000036eed28]
Event: 6.181 Thread 0x000000001a210800  631       3       javax.swing.plaf.nimbus.NimbusStyle::validate (1178 bytes)

GC Heap History (0 events):
No events

Deoptimization events (5 events):
Event: 0.143 Thread 0x000000000349d800 Uncommon trap: reason=null_check action=make_not_entrant pc=0x000000000360eb1c method=java.lang.String.equals(Ljava/lang/Object;)Z @ 8
Event: 0.243 Thread 0x000000001b206800 Uncommon trap: reason=unstable_if action=reinterpret pc=0x0000000003679878 method=java.lang.String.<init>([CII)V @ 18
Event: 0.258 Thread 0x000000001b206800 Uncommon trap: reason=bimorphic action=maybe_recompile pc=0x0000000003687cc8 method=java.util.HashMap.putVal(ILjava/lang/Object;Ljava/lang/Object;ZZ)Ljava/lang/Object; @ 152
Event: 0.265 Thread 0x000000001b17b000 Uncommon trap: reason=unstable_if action=reinterpret pc=0x0000000003687db0 method=java.util.HashMap.putVal(ILjava/lang/Object;Ljava/lang/Object;ZZ)Ljava/lang/Object; @ 206
Event: 0.343 Thread 0x000000001b1d8000 Uncommon trap: reason=unstable_if action=reinterpret pc=0x00000000036bc5c4 method=java.awt.MultipleGradientPaintContext.indexIntoGradientsArrays(F)I @ 93

Internal exceptions (10 events):
Event: 0.176 Thread 0x000000000349d800 Exception <a 'java/lang/ClassNotFoundException': ToolBar> (0x00000000d6d07270) thrown at [C:\re\workspace\8-2-build-windows-amd64-cygwin\jdk8u111\7883\hotspot\src\share\vm\classfile\systemDictionary.cpp, line 210]
Event: 0.176 Thread 0x000000000349d800 Exception <a 'java/lang/ClassNotFoundException': ToggleButton> (0x00000000d6d07820) thrown at [C:\re\workspace\8-2-build-windows-amd64-cygwin\jdk8u111\7883\hotspot\src\share\vm\classfile\systemDictionary.cpp, line 210]
Event: 0.176 Thread 0x000000000349d800 Exception <a 'java/lang/ClassNotFoundException': javax/swing/JToolBarSeparator> (0x00000000d6d07c80) thrown at [C:\re\workspace\8-2-build-windows-amd64-cygwin\jdk8u111\7883\hotspot\src\share\vm\classfile\systemDictionary.cpp, line 210]
Event: 0.176 Thread 0x000000000349d800 Exception <a 'java/lang/ClassNotFoundException': ToolBarSeparator> (0x00000000d6d08118) thrown at [C:\re\workspace\8-2-build-windows-amd64-cygwin\jdk8u111\7883\hotspot\src\share\vm\classfile\systemDictionary.cpp, line 210]
Event: 0.176 Thread 0x000000000349d800 Exception <a 'java/lang/ClassNotFoundException': ToolTip> (0x00000000d6d08858) thrown at [C:\re\workspace\8-2-build-windows-amd64-cygwin\jdk8u111\7883\hotspot\src\share\vm\classfile\systemDictionary.cpp, line 210]
Event: 0.177 Thread 0x000000000349d800 Exception <a 'java/lang/ClassNotFoundException': Tree> (0x00000000d6d09478) thrown at [C:\re\workspace\8-2-build-windows-amd64-cygwin\jdk8u111\7883\hotspot\src\share\vm\classfile\systemDictionary.cpp, line 210]
Event: 0.177 Thread 0x000000000349d800 Exception <a 'java/lang/ClassNotFoundException': Tree> (0x00000000d6d09bb8) thrown at [C:\re\workspace\8-2-build-windows-amd64-cygwin\jdk8u111\7883\hotspot\src\share\vm\classfile\systemDictionary.cpp, line 210]
Event: 0.177 Thread 0x000000000349d800 Exception <a 'java/lang/ClassNotFoundException': javax/swing/JTreeCell> (0x00000000d6d09f38) thrown at [C:\re\workspace\8-2-build-windows-amd64-cygwin\jdk8u111\7883\hotspot\src\share\vm\classfile\systemDictionary.cpp, line 210]
Event: 0.177 Thread 0x000000000349d800 Exception <a 'java/lang/ClassNotFoundException': TreeCell> (0x00000000d6d0a3c0) thrown at [C:\re\workspace\8-2-build-windows-amd64-cygwin\jdk8u111\7883\hotspot\src\share\vm\classfile\systemDictionary.cpp, line 210]
Event: 0.177 Thread 0x000000000349d800 Exception <a 'java/lang/ClassNotFoundException': RootPane> (0x00000000d6d0ae20) thrown at [C:\re\workspace\8-2-build-windows-amd64-cygwin\jdk8u111\7883\hotspot\src\share\vm\classfile\systemDictionary.cpp, line 210]

Events (10 events):
Event: 6.184 loading class javax/swing/plaf/basic/BasicOptionPaneUI$2
Event: 6.184 loading class javax/swing/plaf/basic/BasicOptionPaneUI$2 done
Event: 6.184 loading class java/awt/event/HierarchyEvent
Event: 6.184 loading class java/awt/event/HierarchyEvent done
Event: 6.185 loading class javax/swing/plaf/basic/BasicOptionPaneUI$Handler
Event: 6.185 loading class javax/swing/plaf/basic/BasicOptionPaneUI$Handler done
Event: 6.187 loading class javax/swing/SwingUtilities$SharedOwnerFrame
Event: 6.187 loading class javax/swing/SwingUtilities$SharedOwnerFrame done
Event: 6.188 loading class javax/swing/JDialog
Event: 6.188 loading class javax/swing/JDialog done


Dynamic libraries:
0x00007ff657130000 - 0x00007ff657167000 	C:\Users\Qasim\Desktop\Sem 5\SDA\jdk1.8.0_111\bin\java.exe
0x00007ffb28ea0000 - 0x00007ffb290a7000 	C:\WINDOWS\SYSTEM32\ntdll.dll
0x00007ffb27550000 - 0x00007ffb2760d000 	C:\WINDOWS\System32\KERNEL32.DLL
0x00007ffb26810000 - 0x00007ffb26b84000 	C:\WINDOWS\System32\KERNELBASE.dll
0x00007ffb27410000 - 0x00007ffb274bc000 	C:\WINDOWS\System32\ADVAPI32.dll
0x00007ffb28340000 - 0x00007ffb283e3000 	C:\WINDOWS\System32\msvcrt.dll
0x00007ffb26d90000 - 0x00007ffb26e2d000 	C:\WINDOWS\System32\sechost.dll
0x00007ffb27a60000 - 0x00007ffb27b81000 	C:\WINDOWS\System32\RPCRT4.dll
0x00007ffb284e0000 - 0x00007ffb2868c000 	C:\WINDOWS\System32\USER32.dll
0x00007ffb26b90000 - 0x00007ffb26bb6000 	C:\WINDOWS\System32\win32u.dll
0x00007ffb26e30000 - 0x00007ffb26e59000 	C:\WINDOWS\System32\GDI32.dll
0x00007ffb266f0000 - 0x00007ffb26802000 	C:\WINDOWS\System32\gdi32full.dll
0x00007ffb26650000 - 0x00007ffb266ed000 	C:\WINDOWS\System32\msvcp_win.dll
0x00007ffb26530000 - 0x00007ffb26641000 	C:\WINDOWS\System32\ucrtbase.dll
0x00007ffb0ab70000 - 0x00007ffb0ae15000 	C:\WINDOWS\WinSxS\amd64_microsoft.windows.common-controls_6595b64144ccf1df_6.0.22000.120_none_9d947278b86cc467\COMCTL32.dll
0x00007ffb27bb0000 - 0x00007ffb27be1000 	C:\WINDOWS\System32\IMM32.DLL
0x00000000504e0000 - 0x00000000505b2000 	C:\Users\Qasim\Desktop\Sem 5\SDA\jdk1.8.0_111\jre\bin\msvcr100.dll
0x0000000076f10000 - 0x00000000777aa000 	C:\Users\Qasim\Desktop\Sem 5\SDA\jdk1.8.0_111\jre\bin\server\jvm.dll
0x00007ffb27850000 - 0x00007ffb27858000 	C:\WINDOWS\System32\PSAPI.DLL
0x00007ffb05840000 - 0x00007ffb05849000 	C:\WINDOWS\SYSTEM32\WSOCK32.dll
0x00007ffb1f9f0000 - 0x00007ffb1f9fa000 	C:\WINDOWS\SYSTEM32\VERSION.dll
0x00007ffb24110000 - 0x00007ffb24143000 	C:\WINDOWS\SYSTEM32\WINMM.dll
0x00007ffb282d0000 - 0x00007ffb2833f000 	C:\WINDOWS\System32\WS2_32.dll
0x0000000051110000 - 0x000000005111f000 	C:\Users\Qasim\Desktop\Sem 5\SDA\jdk1.8.0_111\jre\bin\verify.dll
0x0000000050470000 - 0x0000000050499000 	C:\Users\Qasim\Desktop\Sem 5\SDA\jdk1.8.0_111\jre\bin\java.dll
0x0000000050450000 - 0x0000000050466000 	C:\Users\Qasim\Desktop\Sem 5\SDA\jdk1.8.0_111\jre\bin\zip.dll
0x00007ffb28690000 - 0x00007ffb28e3e000 	C:\WINDOWS\System32\SHELL32.dll
0x00007ffb244f0000 - 0x00007ffb24d57000 	C:\WINDOWS\SYSTEM32\windows.storage.dll
0x00007ffb26f70000 - 0x00007ffb272e8000 	C:\WINDOWS\System32\combase.dll
0x00007ffb24380000 - 0x00007ffb244e6000 	C:\WINDOWS\SYSTEM32\wintypes.dll
0x00007ffb283f0000 - 0x00007ffb284da000 	C:\WINDOWS\System32\SHCORE.dll
0x00007ffb27a00000 - 0x00007ffb27a5d000 	C:\WINDOWS\System32\shlwapi.dll
0x00007ffb262b0000 - 0x00007ffb262d1000 	C:\WINDOWS\SYSTEM32\profapi.dll
0x0000000050180000 - 0x0000000050318000 	C:\Users\Qasim\Desktop\Sem 5\SDA\jdk1.8.0_111\jre\bin\awt.dll
0x00007ffb26e60000 - 0x00007ffb26f36000 	C:\WINDOWS\System32\OLEAUT32.dll
0x00007ffb23330000 - 0x00007ffb233c1000 	C:\WINDOWS\SYSTEM32\apphelp.dll
0x00007ffb233f0000 - 0x00007ffb2349c000 	C:\WINDOWS\system32\uxtheme.dll
0x00007ffb272f0000 - 0x00007ffb2740e000 	C:\WINDOWS\System32\MSCTF.dll
0x00007ffb27860000 - 0x00007ffb279fa000 	C:\WINDOWS\System32\ole32.dll
0x00007ffb25590000 - 0x00007ffb255a8000 	C:\WINDOWS\SYSTEM32\kernel.appcore.dll
0x00007ffb26380000 - 0x00007ffb263ff000 	C:\WINDOWS\System32\bcryptPrimitives.dll
0x00007ffb238d0000 - 0x00007ffb238ff000 	C:\WINDOWS\system32\DWMAPI.DLL
0x00000000503c0000 - 0x0000000050407000 	C:\Users\Qasim\Desktop\Sem 5\SDA\jdk1.8.0_111\jre\bin\fontmanager.dll
0x00000000500e0000 - 0x0000000050111000 	C:\Users\Qasim\Desktop\Sem 5\SDA\jdk1.8.0_111\jre\bin\jpeg.dll
0x00007ffb28220000 - 0x00007ffb282cf000 	C:\WINDOWS\System32\clbcatq.dll
0x00007ffb1f790000 - 0x00007ffb1f93e000 	C:\WINDOWS\SYSTEM32\WindowsCodecs.dll
0x00007ffae49e0000 - 0x00007ffae4a3d000 	C:\WINDOWS\system32\dataexchange.dll
0x00007ffb1e500000 - 0x00007ffb1e766000 	C:\WINDOWS\system32\twinapi.appcore.dll
0x0000000050430000 - 0x000000005044a000 	C:\Users\Qasim\Desktop\Sem 5\SDA\jdk1.8.0_111\jre\bin\net.dll
0x00007ffb259a0000 - 0x00007ffb25a07000 	C:\WINDOWS\system32\mswsock.dll
0x0000000050410000 - 0x0000000050421000 	C:\Users\Qasim\Desktop\Sem 5\SDA\jdk1.8.0_111\jre\bin\nio.dll
0x0000000050370000 - 0x00000000503b2000 	C:\Users\Qasim\Desktop\Sem 5\SDA\jdk1.8.0_111\jre\bin\t2k.dll
0x0000000050150000 - 0x000000005017a000 	C:\Users\Qasim\Desktop\Sem 5\SDA\jdk1.8.0_111\jre\bin\dcpr.dll
0x00007ffb09870000 - 0x00007ffb0999d000 	C:\WINDOWS\SYSTEM32\textinputframework.dll

VM Arguments:
jvm_args: -Dfile.encoding=UTF-8 
java_command: Login
java_class_path (initial): C:\Users\Qasim\Desktop\Sem 5\SDA\NetBeans 8.2\java\modules\ext\AbsoluteLayout.jar;C:\Users\Qasim\Desktop\jcalendar-1.4\lib\jcalendar-1.4.jar;C:\Users\Qasim\Documents\NetBeansProjects\PharmacyManagement\build\classes
Launcher Type: SUN_STANDARD

Environment Variables:
PATH=C:\ProgramData\Oracle\Java\javapath;C:\Program Files\Common Files\Oracle\Java\javapath;C:\WINDOWS\system32;C:\WINDOWS;C:\WINDOWS\System32\Wbem;C:\WINDOWS\System32\WindowsPowerShell\v1.0\;C:\WINDOWS\System32\OpenSSH\;C:\Program Files (x86)\NVIDIA Corporation\PhysX\Common;C:\Program Files\NVIDIA Corporation\NVIDIA NvDLISR;C:\WINDOWS\system32;C:\WINDOWS;C:\WINDOWS\System32\Wbem;C:\WINDOWS\System32\WindowsPowerShell\v1.0\;C:\WINDOWS\System32\OpenSSH\;C:\Program Files\dotnet\;C:\Program Files\Microsoft SQL Server\130\Tools\Binn\;C:\Program Files\Microsoft SQL Server\Client SDK\ODBC\170\Tools\Binn\;C:\Program Files\Microsoft SQL Server\Client SDK\ODBC\110\Tools\Binn\;C:\Program Files (x86)\Microsoft SQL Server\120\Tools\Binn\;C:\Program Files\Microsoft SQL Server\120\Tools\Binn\;C:\Program Files\Microsoft SQL Server\120\DTS\Binn\;C:\Program Files (x86)\Microsoft SQL Server\120\Tools\Binn\ManagementStudio\;C:\Program Files (x86)\Microsoft SQL Server\120\DTS\Binn\;C:\Program Files (x86)\Microsoft SQL Server\160\Tools\Binn\;C:\Program Files\Microsoft SQL Server\160\Tools\Binn\;C:\Program Files\Microsoft SQL Server\160\DTS\Binn\;C:\Program Files (x86)\Microsoft SQL Server\160\DTS\Binn\;C:\Program Files\Azure Data Studio\bin;C:\Users\Qasim\AppData\Local\Microsoft\WindowsApps;C:\Users\Qasim\.dotnet\tools;C:\Program Files\Azure Data Studio\bin
USERNAME=Qasim
OS=Windows_NT
PROCESSOR_IDENTIFIER=Intel64 Family 6 Model 126 Stepping 5, GenuineIntel



---------------  S Y S T E M  ---------------

OS: Windows 10.0 , 64 bit Build 22000 (10.0.22000.318)

CPU:total 8 (4 cores per cpu, 2 threads per core) family 6 model 126 stepping 5, cmov, cx8, fxsr, mmx, sse, sse2, sse3, ssse3, sse4.1, sse4.2, popcnt, avx, avx2, aes, clmul, erms, 3dnowpref, lzcnt, ht, tsc, tscinvbit, bmi1, bmi2, adx

Memory: 4k page, physical 8150356k(414872k free), swap 33316180k(364k free)

vm_info: Java HotSpot(TM) 64-Bit Server VM (25.111-b14) for windows-amd64 JRE (1.8.0_111-b14), built on Sep 22 2016 19:24:05 by "java_re" with MS VC++ 10.0 (VS2010)

time: Fri Nov 24 19:48:24 2023
elapsed time: 6 seconds (0d 0h 0m 6s)

