#
# There is insufficient memory for the Java Runtime Environment to continue.
# Native memory allocation (malloc) failed to allocate 1048576 bytes for AllocateHeap
# Possible reasons:
#   The system is out of physical RAM or swap space
#   In 32 bit mode, the process size limit was hit
# Possible solutions:
#   Reduce memory load on the system
#   Increase physical memory or swap space
#   Check if swap backing store is full
#   Use 64 bit Java on a 64 bit OS
#   Decrease Java heap size (-Xmx/-Xms)
#   Decrease number of Java threads
#   Decrease Java thread stack sizes (-Xss)
#   Set larger code cache with -XX:ReservedCodeCacheSize=
# This output file may be truncated or incomplete.
#
#  Out of Memory Error (memory/allocation.inline.hpp:61), pid=30116, tid=0x0000000000004f8c
#
# JRE version:  (8.0_111-b14) (build )
# Java VM: Java HotSpot(TM) 64-Bit Server VM (25.111-b14 mixed mode windows-amd64 compressed oops)
# Failed to write core dump. Minidumps are not enabled by default on client versions of Windows
#

---------------  T H R E A D  ---------------

Current thread (0x000000000292e000):  JavaThread "Unknown thread" [_thread_in_vm, id=20364, stack(0x00000000027b0000,0x00000000028b0000)]

Stack: [0x00000000027b0000,0x00000000028b0000]
[error occurred during error reporting (printing stack bounds), id 0xc0000005]

Native frames: (J=compiled Java code, j=interpreted, Vv=VM code, C=native code)


---------------  P R O C E S S  ---------------

Java Threads: ( => current thread )

Other Threads:

=>0x000000000292e000 (exited) JavaThread "Unknown thread" [_thread_in_vm, id=20364, stack(0x00000000027b0000,0x00000000028b0000)]

VM state:not at safepoint (normal execution)

VM Mutex/Monitor currently owned by a thread: None

Heap:
 PSYoungGen      total 37888K, used 655K [0x00000000d6900000, 0x00000000d9300000, 0x0000000100000000)
  eden space 32768K, 2% used [0x00000000d6900000,0x00000000d69a3d80,0x00000000d8900000)
  from space 5120K, 0% used [0x00000000d8e00000,0x00000000d8e00000,0x00000000d9300000)
  to   space 5120K, 0% used [0x00000000d8900000,0x00000000d8900000,0x00000000d8e00000)
 ParOldGen       total 86016K, used 0K [0x0000000083a00000, 0x0000000088e00000, 0x00000000d6900000)
  object space 86016K, 0% used [0x0000000083a00000,0x0000000083a00000,0x0000000088e00000)
 Metaspace       used 770K, capacity 4480K, committed 4480K, reserved 1056768K
  class space    used 75K, capacity 384K, committed 384K, reserved 1048576K

Card table byte_map: [0x0000000011df0000,0x00000000121e0000] byte_map_base: 0x00000000119d3000

Marking Bits: (ParMarkBitMap*) 0x000000005f9aa6c0
 Begin Bits: [0x0000000012c80000, 0x0000000014b98000)
 End Bits:   [0x0000000014b98000, 0x0000000016ab0000)

Polling page: 0x0000000000ac0000

CodeCache: size=245760Kb used=328Kb max_used=328Kb free=245431Kb
 bounds [0x0000000002a30000, 0x0000000002ca0000, 0x0000000011a30000]
 total_blobs=58 nmethods=0 adapters=38
 compilation: enabled

Compilation events (0 events):
No events

GC Heap History (0 events):
No events

Deoptimization events (0 events):
No events

Internal exceptions (0 events):
No events

Events (10 events):
Event: 0.015 loading class java/lang/Short
Event: 0.015 loading class java/lang/Short done
Event: 0.015 loading class java/lang/Integer
Event: 0.015 loading class java/lang/Integer done
Event: 0.015 loading class java/lang/Long
Event: 0.016 loading class java/lang/Long done
Event: 0.016 loading class java/lang/NullPointerException
Event: 0.016 loading class java/lang/NullPointerException done
Event: 0.016 loading class java/lang/ArithmeticException
Event: 0.016 loading class java/lang/ArithmeticException done


Dynamic libraries:
0x00007ff7ea250000 - 0x00007ff7ea287000 	C:\Users\Qasim\Desktop\Sem 5\SDA\jdk1.8.0_111\bin\java.exe
0x00007ffab7400000 - 0x00007ffab7607000 	C:\WINDOWS\SYSTEM32\ntdll.dll
0x00007ffab5c60000 - 0x00007ffab5d1d000 	C:\WINDOWS\System32\KERNEL32.DLL
0x00007ffab4cd0000 - 0x00007ffab5044000 	C:\WINDOWS\System32\KERNELBASE.dll
0x00007ffab7230000 - 0x00007ffab72dc000 	C:\WINDOWS\System32\ADVAPI32.dll
0x00007ffab5a90000 - 0x00007ffab5b33000 	C:\WINDOWS\System32\msvcrt.dll
0x00007ffab53f0000 - 0x00007ffab548d000 	C:\WINDOWS\System32\sechost.dll
0x00007ffab6530000 - 0x00007ffab6651000 	C:\WINDOWS\System32\RPCRT4.dll
0x00007ffab60c0000 - 0x00007ffab626c000 	C:\WINDOWS\System32\USER32.dll
0x00007ffab4a50000 - 0x00007ffab4a76000 	C:\WINDOWS\System32\win32u.dll
0x00007ffab54a0000 - 0x00007ffab54c9000 	C:\WINDOWS\System32\GDI32.dll
0x00007ffab5170000 - 0x00007ffab5282000 	C:\WINDOWS\System32\gdi32full.dll
0x00007ffab4a80000 - 0x00007ffab4b1d000 	C:\WINDOWS\System32\msvcp_win.dll
0x00007ffab5050000 - 0x00007ffab5161000 	C:\WINDOWS\System32\ucrtbase.dll
0x00007ffa9acd0000 - 0x00007ffa9af75000 	C:\WINDOWS\WinSxS\amd64_microsoft.windows.common-controls_6595b64144ccf1df_6.0.22000.120_none_9d947278b86cc467\COMCTL32.dll
0x00007ffab5a40000 - 0x00007ffab5a71000 	C:\WINDOWS\System32\IMM32.DLL
0x000000005f0b0000 - 0x000000005f182000 	C:\Users\Qasim\Desktop\Sem 5\SDA\jdk1.8.0_111\jre\bin\msvcr100.dll
0x000000005f190000 - 0x000000005fa2a000 	C:\Users\Qasim\Desktop\Sem 5\SDA\jdk1.8.0_111\jre\bin\server\jvm.dll
0x00007ffab5370000 - 0x00007ffab5378000 	C:\WINDOWS\System32\PSAPI.DLL
0x00007ffa93270000 - 0x00007ffa93279000 	C:\WINDOWS\SYSTEM32\WSOCK32.dll
0x00007ffab2510000 - 0x00007ffab2543000 	C:\WINDOWS\SYSTEM32\WINMM.dll
0x00007ffaad070000 - 0x00007ffaad07a000 	C:\WINDOWS\SYSTEM32\VERSION.dll
0x00007ffab5380000 - 0x00007ffab53ef000 	C:\WINDOWS\System32\WS2_32.dll
0x0000000060520000 - 0x000000006052f000 	C:\Users\Qasim\Desktop\Sem 5\SDA\jdk1.8.0_111\jre\bin\verify.dll
0x000000005f040000 - 0x000000005f069000 	C:\Users\Qasim\Desktop\Sem 5\SDA\jdk1.8.0_111\jre\bin\java.dll
0x000000005f020000 - 0x000000005f036000 	C:\Users\Qasim\Desktop\Sem 5\SDA\jdk1.8.0_111\jre\bin\zip.dll

VM Arguments:
jvm_args: -Dfile.encoding=UTF-8 
java_command: login2
java_class_path (initial): C:\Users\Qasim\Desktop\Sem 5\SDA\NetBeans 8.2\java\modules\ext\AbsoluteLayout.jar;C:\Users\Qasim\Desktop\jcalendar-1.4\lib\jcalendar-1.4.jar;C:\Users\Qasim\Desktop\javax.mail.jar.zip;C:\Users\Qasim\Desktop\mysql-connector-java-8.0.20.jar-20231201T213359Z-001.zip;C:\Users\Qasim\Desktop\itext.jar-20231201T214110Z-001.zip;C:\Users\Qasim\Desktop\mysql-connector-j-8.1.0.jar;C:\Users\Qasim\Desktop\activation.jar;C:\Users\Qasim\Desktop\mail.jar;C:\Users\Qasim\Desktop\simple-java-mail-6.0.3.jar;C:\Users\Qasim\Downloads\itext.jar.zip;C:\Users\Qasim\Downloads\jfreechart.jar.zip;C:\Users\Qasim\Desktop\jfreechart-1.0.19\lib\hamcrest-core-1.3.jar;C:\Users\Qasim\Desktop\jfreechart-1.0.19\lib\jcommon-1.0.23.jar;C:\Users\Qasim\Desktop\jfreechart-1.0.19\lib\jfreechart-1.0.19-experimental.jar;C:\Users\Qasim\Desktop\jfreechart-1.0.19\lib\jfreechart-1.0.19-swt.jar;C:\Users\Qasim\Desktop\jfreechart-1.0.19\lib\jfreechart-1.0.19.jar;C:\Users\Qasim\Desktop\jfreechart-1.0.19\lib\jfreesvg-2.0.jar;C:\Users\Qasim\Desktop\jfreechart-1.0.19\lib\junit-4.11.jar;C:\Users\Qasim\Desktop\jfreechart-1.0.19\lib\orsoncharts-1.4-eval-nofx.jar;C:\Users\Qasim\Desktop\jfreechart-1.0.19\lib\orsonpdf-1.6-eval.jar;C:\Users\Qasim\Desktop\jfreechart-1.0.19\lib\servlet.jar;C:\Users\Qasim\Desktop\jfreechart-1.0.19\lib\swtgraphics2d.jar;C:\Users\Qasim\Documents\NetBeansProjects\PharmacyManagement\build\classes
Launcher Type: SUN_STANDARD

Environment Variables:
PATH=C:\ProgramData\Oracle\Java\javapath;C:\Program Files\Common Files\Oracle\Java\javapath;C:\WINDOWS\system32;C:\WINDOWS;C:\WINDOWS\System32\Wbem;C:\WINDOWS\System32\WindowsPowerShell\v1.0\;C:\WINDOWS\System32\OpenSSH\;C:\Program Files (x86)\NVIDIA Corporation\PhysX\Common;C:\Program Files\NVIDIA Corporation\NVIDIA NvDLISR;C:\WINDOWS\system32;C:\WINDOWS;C:\WINDOWS\System32\Wbem;C:\WINDOWS\System32\WindowsPowerShell\v1.0\;C:\WINDOWS\System32\OpenSSH\;C:\Program Files\dotnet\;C:\Program Files\Microsoft SQL Server\130\Tools\Binn\;C:\Program Files\Microsoft SQL Server\Client SDK\ODBC\170\Tools\Binn\;C:\Program Files\Microsoft SQL Server\Client SDK\ODBC\110\Tools\Binn\;C:\Program Files (x86)\Microsoft SQL Server\120\Tools\Binn\;C:\Program Files\Microsoft SQL Server\120\Tools\Binn\;C:\Program Files\Microsoft SQL Server\120\DTS\Binn\;C:\Program Files (x86)\Microsoft SQL Server\120\Tools\Binn\ManagementStudio\;C:\Program Files (x86)\Microsoft SQL Server\120\DTS\Binn\;C:\Program Files (x86)\Microsoft SQL Server\160\Tools\Binn\;C:\Program Files\Microsoft SQL Server\160\Tools\Binn\;C:\Program Files\Microsoft SQL Server\160\DTS\Binn\;C:\Program Files (x86)\Microsoft SQL Server\160\DTS\Binn\;C:\Program Files\Azure Data Studio\bin;C:\Program Files\MySQL\MySQL Server 8.0\bin;C:\Program Files\MySQL\MySQL Shell 8.0\bin\;C:\Users\Qasim\AppData\Local\Microsoft\WindowsApps;C:\Users\Qasim\.dotnet\tools;C:\Program Files\Azure Data Studio\bin
USERNAME=Qasim
OS=Windows_NT
PROCESSOR_IDENTIFIER=Intel64 Family 6 Model 126 Stepping 5, GenuineIntel



---------------  S Y S T E M  ---------------

OS: Windows 10.0 , 64 bit Build 22000 (10.0.22000.318)

CPU:total 8 (4 cores per cpu, 2 threads per core) family 6 model 126 stepping 5, cmov, cx8, fxsr, mmx, sse, sse2, sse3, ssse3, sse4.1, sse4.2, popcnt, avx, avx2, aes, clmul, erms, 3dnowpref, lzcnt, ht, tsc, tscinvbit, bmi1, bmi2, adx

Memory: 4k page, physical 8150356k(484048k free), swap 33316180k(4500k free)

vm_info: Java HotSpot(TM) 64-Bit Server VM (25.111-b14) for windows-amd64 JRE (1.8.0_111-b14), built on Sep 22 2016 19:24:05 by "java_re" with MS VC++ 10.0 (VS2010)

time: Mon Dec 11 13:12:17 2023
elapsed time: 0 seconds (0d 0h 0m 0s)

