#
# There is insufficient memory for the Java Runtime Environment to continue.
# Native memory allocation (malloc) failed to allocate 32744 bytes for ChunkPool::allocate
# Possible reasons:
#   The system is out of physical RAM or swap space
#   In 32 bit mode, the process size limit was hit
# Possible solutions:
#   Reduce memory load on the system
#   Increase physical memory or swap space
#   Check if swap backing store is full
#   Use 64 bit Java on a 64 bit OS
#   Decrease Java heap size (-Xmx/-Xms)
#   Decrease number of Java threads
#   Decrease Java thread stack sizes (-Xss)
#   Set larger code cache with -XX:ReservedCodeCacheSize=
# This output file may be truncated or incomplete.
#
#  Out of Memory Error (allocation.cpp:273), pid=9268, tid=0x0000000000005e0c
#
# JRE version: Java(TM) SE Runtime Environment (8.0_111-b14) (build 1.8.0_111-b14)
# Java VM: Java HotSpot(TM) 64-Bit Server VM (25.111-b14 mixed mode windows-amd64 compressed oops)
# Failed to write core dump. Minidumps are not enabled by default on client versions of Windows
#

---------------  T H R E A D  ---------------

Current thread (0x0000000019ea9000):  JavaThread "C2 CompilerThread0" daemon [_thread_in_native, id=24076, stack(0x000000001a6c0000,0x000000001a7c0000)]

Stack: [0x000000001a6c0000,0x000000001a7c0000]
[error occurred during error reporting (printing stack bounds), id 0xc0000005]

Native frames: (J=compiled Java code, j=interpreted, Vv=VM code, C=native code)


Current CompileTask:
C2:3547926  836       4       sun.java2d.loops.GraphicsPrimitiveMgr::locate (104 bytes)


---------------  P R O C E S S  ---------------

Java Threads: ( => current thread )
  0x000000000300d800 JavaThread "DestroyJavaVM" [_thread_blocked, id=20148, stack(0x0000000002ed0000,0x0000000002fd0000)]
  0x000000001af09000 JavaThread "AWT-EventQueue-0" [_thread_blocked, id=29356, stack(0x000000001c280000,0x000000001c380000)]
  0x000000001aeb0800 JavaThread "AWT-Windows" daemon [_thread_in_native, id=18124, stack(0x000000001b810000,0x000000001b910000)]
  0x000000001aeae000 JavaThread "AWT-Shutdown" [_thread_blocked, id=28472, stack(0x000000001b710000,0x000000001b810000)]
  0x000000001aead800 JavaThread "Java2D Disposer" daemon [_thread_blocked, id=20780, stack(0x000000001b610000,0x000000001b710000)]
  0x0000000019ece800 JavaThread "Service Thread" daemon [_thread_blocked, id=7628, stack(0x000000001aac0000,0x000000001abc0000)]
  0x0000000019ec1800 JavaThread "C1 CompilerThread3" daemon [_thread_in_vm, id=28476, stack(0x000000001a9c0000,0x000000001aac0000)]
  0x0000000019eb2800 JavaThread "C2 CompilerThread2" daemon [_thread_blocked, id=21172, stack(0x000000001a8c0000,0x000000001a9c0000)]
  0x0000000019eb0000 JavaThread "C2 CompilerThread1" daemon [_thread_blocked, id=22024, stack(0x000000001a7c0000,0x000000001a8c0000)]
=>0x0000000019ea9000 JavaThread "C2 CompilerThread0" daemon [_thread_in_native, id=24076, stack(0x000000001a6c0000,0x000000001a7c0000)]
  0x0000000019ea8000 JavaThread "Attach Listener" daemon [_thread_blocked, id=24980, stack(0x000000001a5c0000,0x000000001a6c0000)]
  0x0000000019ea7000 JavaThread "Signal Dispatcher" daemon [_thread_blocked, id=22692, stack(0x000000001a4c0000,0x000000001a5c0000)]
  0x0000000019ea0800 JavaThread "Finalizer" daemon [_thread_blocked, id=22084, stack(0x000000001a280000,0x000000001a380000)]
  0x0000000017fad800 JavaThread "Reference Handler" daemon [_thread_blocked, id=20484, stack(0x0000000019d80000,0x0000000019e80000)]

Other Threads:
  0x0000000017fa7800 VMThread [stack: 0x0000000019c80000,0x0000000019d80000] [id=20648]
  0x0000000019f87800 WatcherThread [stack: 0x000000001abc0000,0x000000001acc0000] [id=28456]

VM state:not at safepoint (normal execution)

VM Mutex/Monitor currently owned by a thread:  ([mutex/lock_event])
[0x0000000003050f50] CompiledIC_lock - owner thread: 0x0000000019ec1800

Heap:
 PSYoungGen      total 37888K, used 11704K [0x00000000d6900000, 0x00000000d9300000, 0x0000000100000000)
  eden space 32768K, 35% used [0x00000000d6900000,0x00000000d746e380,0x00000000d8900000)
  from space 5120K, 0% used [0x00000000d8e00000,0x00000000d8e00000,0x00000000d9300000)
  to   space 5120K, 0% used [0x00000000d8900000,0x00000000d8900000,0x00000000d8e00000)
 ParOldGen       total 86016K, used 0K [0x0000000083a00000, 0x0000000088e00000, 0x00000000d6900000)
  object space 86016K, 0% used [0x0000000083a00000,0x0000000083a00000,0x0000000088e00000)
 Metaspace       used 12837K, capacity 13084K, committed 13312K, reserved 1060864K
  class space    used 1705K, capacity 1784K, committed 1792K, reserved 1048576K

Card table byte_map: [0x0000000012510000,0x0000000012900000] byte_map_base: 0x00000000120f3000

Marking Bits: (ParMarkBitMap*) 0x000000005775a6c0
 Begin Bits: [0x00000000133a0000, 0x00000000152b8000)
 End Bits:   [0x00000000152b8000, 0x00000000171d0000)

Polling page: 0x0000000002fd0000

CodeCache: size=245760Kb used=3002Kb max_used=3002Kb free=242757Kb
 bounds [0x0000000003150000, 0x0000000003440000, 0x0000000012150000]
 total_blobs=1329 nmethods=835 adapters=406
 compilation: disabled (not enough contiguous free space left)

Compilation events (10 events):
Event: 1873.056 Thread 0x0000000019ec1800  832       3       sun.invoke.util.VerifyAccess::isTypeVisible (118 bytes)
Event: 1873.071 Thread 0x0000000019ec1800 nmethod 832 0x000000000343aa50 code [0x000000000343ada0, 0x000000000343ccd8]
Event: 1873.071 Thread 0x0000000019ec1800  833       3       java.lang.reflect.Array::newInstance (6 bytes)
Event: 1873.071 Thread 0x0000000019ec1800 nmethod 833 0x000000000343da90 code [0x000000000343dc00, 0x000000000343dd68]
Event: 1879.075 Thread 0x0000000019ec1800  834   !   3       java.awt.Toolkit::setDesktopProperty (81 bytes)
Event: 1879.082 Thread 0x0000000019ec1800 nmethod 834 0x000000000343de10 code [0x000000000343e040, 0x000000000343ef48]
Event: 3547.441 Thread 0x0000000019ec1800  835       3       java.util.HashMap$HashIterator::<init> (79 bytes)
Event: 3547.446 Thread 0x0000000019ec1800 nmethod 835 0x000000000343f590 code [0x000000000343f700, 0x000000000343fa90]
Event: 3547.907 Thread 0x0000000019ec1800  837  s    3       sun.java2d.loops.GraphicsPrimitiveMgr::locatePrim (96 bytes)
Event: 3547.908 Thread 0x0000000019ea9000  836       4       sun.java2d.loops.GraphicsPrimitiveMgr::locate (104 bytes)

GC Heap History (0 events):
No events

Deoptimization events (7 events):
Event: 0.368 Thread 0x000000001aeb0800 Uncommon trap: reason=unstable_if action=reinterpret pc=0x000000000335fb10 method=java.util.HashMap.putVal(ILjava/lang/Object;Ljava/lang/Object;ZZ)Ljava/lang/Object; @ 206
Event: 0.369 Thread 0x000000001aeb0800 Uncommon trap: reason=unstable_if action=reinterpret pc=0x000000000335bb64 method=java.util.HashMap.putVal(ILjava/lang/Object;Ljava/lang/Object;ZZ)Ljava/lang/Object; @ 206
Event: 0.431 Thread 0x000000001af09000 Uncommon trap: reason=class_check action=maybe_recompile pc=0x00000000032bff9c method=java.lang.String.equals(Ljava/lang/Object;)Z @ 8
Event: 0.436 Thread 0x000000001af09000 Uncommon trap: reason=class_check action=maybe_recompile pc=0x00000000032bff9c method=java.lang.String.equals(Ljava/lang/Object;)Z @ 8
Event: 0.436 Thread 0x000000001af09000 Uncommon trap: reason=class_check action=maybe_recompile pc=0x00000000032bff9c method=java.lang.String.equals(Ljava/lang/Object;)Z @ 8
Event: 0.439 Thread 0x000000001af09000 Uncommon trap: reason=class_check action=maybe_recompile pc=0x00000000032bff9c method=java.lang.String.equals(Ljava/lang/Object;)Z @ 8
Event: 6.647 Thread 0x000000001af09000 Uncommon trap: reason=unstable_if action=reinterpret pc=0x00000000033a3cc8 method=java.awt.MultipleGradientPaintContext.indexIntoGradientsArrays(F)I @ 24

Internal exceptions (10 events):
Event: 0.245 Thread 0x000000000300d800 Exception <a 'java/lang/ClassNotFoundException': ToolBarSeparator> (0x00000000d6d23fb8) thrown at [C:\re\workspace\8-2-build-windows-amd64-cygwin\jdk8u111\7883\hotspot\src\share\vm\classfile\systemDictionary.cpp, line 210]
Event: 0.245 Thread 0x000000000300d800 Exception <a 'java/lang/ClassNotFoundException': ToolTip> (0x00000000d6d246f8) thrown at [C:\re\workspace\8-2-build-windows-amd64-cygwin\jdk8u111\7883\hotspot\src\share\vm\classfile\systemDictionary.cpp, line 210]
Event: 0.246 Thread 0x000000000300d800 Exception <a 'java/lang/ClassNotFoundException': Tree> (0x00000000d6d25318) thrown at [C:\re\workspace\8-2-build-windows-amd64-cygwin\jdk8u111\7883\hotspot\src\share\vm\classfile\systemDictionary.cpp, line 210]
Event: 0.246 Thread 0x000000000300d800 Exception <a 'java/lang/ClassNotFoundException': Tree> (0x00000000d6d25a58) thrown at [C:\re\workspace\8-2-build-windows-amd64-cygwin\jdk8u111\7883\hotspot\src\share\vm\classfile\systemDictionary.cpp, line 210]
Event: 0.246 Thread 0x000000000300d800 Exception <a 'java/lang/ClassNotFoundException': javax/swing/JTreeCell> (0x00000000d6d25dd8) thrown at [C:\re\workspace\8-2-build-windows-amd64-cygwin\jdk8u111\7883\hotspot\src\share\vm\classfile\systemDictionary.cpp, line 210]
Event: 0.246 Thread 0x000000000300d800 Exception <a 'java/lang/ClassNotFoundException': TreeCell> (0x00000000d6d26260) thrown at [C:\re\workspace\8-2-build-windows-amd64-cygwin\jdk8u111\7883\hotspot\src\share\vm\classfile\systemDictionary.cpp, line 210]
Event: 0.247 Thread 0x000000000300d800 Exception <a 'java/lang/ClassNotFoundException': RootPane> (0x00000000d6d26cc0) thrown at [C:\re\workspace\8-2-build-windows-amd64-cygwin\jdk8u111\7883\hotspot\src\share\vm\classfile\systemDictionary.cpp, line 210]
Event: 0.550 Thread 0x000000001af09000 Exception <a 'java/lang/NullPointerException'> (0x00000000d735c678) thrown at [C:\re\workspace\8-2-build-windows-amd64-cygwin\jdk8u111\7883\hotspot\src\share\vm\interpreter\linkResolver.cpp, line 1178]
Event: 0.550 Thread 0x000000001af09000 Exception <a 'java/lang/NullPointerException'> (0x00000000d735c678) thrown at [C:\re\workspace\8-2-build-windows-amd64-cygwin\jdk8u111\7883\hotspot\src\share\vm\prims\jvm.cpp, line 1390]
Event: 0.550 Thread 0x000000001af09000 Exception <a 'java/lang/NullPointerException'> (0x00000000d735c678) thrown at [C:\re\workspace\8-2-build-windows-amd64-cygwin\jdk8u111\7883\hotspot\src\share\vm\prims\jvm.cpp, line 1390]

Events (10 events):
Event: 8.185 loading class java/awt/LightweightDispatcher$2
Event: 8.185 loading class java/awt/LightweightDispatcher$2 done
Event: 3547.351 loading class sun/awt/windows/WToolkit$3
Event: 3547.371 loading class sun/awt/windows/WToolkit$3 done
Event: 3547.385 loading class java/util/WeakHashMap$KeyIterator
Event: 3547.392 loading class java/util/WeakHashMap$HashIterator
Event: 3547.398 loading class java/util/WeakHashMap$HashIterator done
Event: 3547.398 loading class java/util/WeakHashMap$KeyIterator done
Event: 3547.440 loading class javax/swing/RepaintManager$DisplayChangedRunnable
Event: 3547.446 loading class javax/swing/RepaintManager$DisplayChangedRunnable done


Dynamic libraries:
0x00007ff69d2e0000 - 0x00007ff69d317000 	C:\Users\Qasim\Desktop\Sem 5\SDA\jdk1.8.0_111\bin\java.exe
0x00007ffdd4360000 - 0x00007ffdd4567000 	C:\WINDOWS\SYSTEM32\ntdll.dll
0x00007ffdd2d80000 - 0x00007ffdd2e3d000 	C:\WINDOWS\System32\KERNEL32.DLL
0x00007ffdd1ad0000 - 0x00007ffdd1e44000 	C:\WINDOWS\System32\KERNELBASE.dll
0x00007ffdd3600000 - 0x00007ffdd36ac000 	C:\WINDOWS\System32\ADVAPI32.dll
0x00007ffdd3330000 - 0x00007ffdd33d3000 	C:\WINDOWS\System32\msvcrt.dll
0x00007ffdd4090000 - 0x00007ffdd412d000 	C:\WINDOWS\System32\sechost.dll
0x00007ffdd34d0000 - 0x00007ffdd35f1000 	C:\WINDOWS\System32\RPCRT4.dll
0x00007ffdd28d0000 - 0x00007ffdd2a7c000 	C:\WINDOWS\System32\USER32.dll
0x00007ffdd1f70000 - 0x00007ffdd1f96000 	C:\WINDOWS\System32\win32u.dll
0x00007ffdd2d40000 - 0x00007ffdd2d69000 	C:\WINDOWS\System32\GDI32.dll
0x00007ffdd19b0000 - 0x00007ffdd1ac2000 	C:\WINDOWS\System32\gdi32full.dll
0x00007ffdd2020000 - 0x00007ffdd20bd000 	C:\WINDOWS\System32\msvcp_win.dll
0x00007ffdd1e50000 - 0x00007ffdd1f61000 	C:\WINDOWS\System32\ucrtbase.dll
0x00007ffdb7750000 - 0x00007ffdb79f5000 	C:\WINDOWS\WinSxS\amd64_microsoft.windows.common-controls_6595b64144ccf1df_6.0.22000.120_none_9d947278b86cc467\COMCTL32.dll
0x00007ffdd2ca0000 - 0x00007ffdd2cd1000 	C:\WINDOWS\System32\IMM32.DLL
0x0000000058050000 - 0x0000000058122000 	C:\Users\Qasim\Desktop\Sem 5\SDA\jdk1.8.0_111\jre\bin\msvcr100.dll
0x0000000056f40000 - 0x00000000577da000 	C:\Users\Qasim\Desktop\Sem 5\SDA\jdk1.8.0_111\jre\bin\server\jvm.dll
0x00007ffdd2d70000 - 0x00007ffdd2d78000 	C:\WINDOWS\System32\PSAPI.DLL
0x00007ffdafc40000 - 0x00007ffdafc49000 	C:\WINDOWS\SYSTEM32\WSOCK32.dll
0x00007ffdd2c30000 - 0x00007ffdd2c9f000 	C:\WINDOWS\System32\WS2_32.dll
0x00007ffdc9d40000 - 0x00007ffdc9d4a000 	C:\WINDOWS\SYSTEM32\VERSION.dll
0x00007ffdcf5d0000 - 0x00007ffdcf603000 	C:\WINDOWS\SYSTEM32\WINMM.dll
0x0000000058040000 - 0x000000005804f000 	C:\Users\Qasim\Desktop\Sem 5\SDA\jdk1.8.0_111\jre\bin\verify.dll
0x0000000056ed0000 - 0x0000000056ef9000 	C:\Users\Qasim\Desktop\Sem 5\SDA\jdk1.8.0_111\jre\bin\java.dll
0x0000000056eb0000 - 0x0000000056ec6000 	C:\Users\Qasim\Desktop\Sem 5\SDA\jdk1.8.0_111\jre\bin\zip.dll
0x00007ffdd38e0000 - 0x00007ffdd408e000 	C:\WINDOWS\System32\SHELL32.dll
0x00007ffdcf9b0000 - 0x00007ffdd0217000 	C:\WINDOWS\SYSTEM32\windows.storage.dll
0x00007ffdd2390000 - 0x00007ffdd2708000 	C:\WINDOWS\System32\combase.dll
0x00007ffdcf830000 - 0x00007ffdcf996000 	C:\WINDOWS\SYSTEM32\wintypes.dll
0x00007ffdd2a80000 - 0x00007ffdd2b6a000 	C:\WINDOWS\System32\SHCORE.dll
0x00007ffdd4210000 - 0x00007ffdd426d000 	C:\WINDOWS\System32\shlwapi.dll
0x00007ffdd1770000 - 0x00007ffdd1791000 	C:\WINDOWS\SYSTEM32\profapi.dll
0x0000000056cd0000 - 0x0000000056e68000 	C:\Users\Qasim\Desktop\Sem 5\SDA\jdk1.8.0_111\jre\bin\awt.dll
0x00007ffdd4130000 - 0x00007ffdd4206000 	C:\WINDOWS\System32\OLEAUT32.dll
0x00007ffdce7f0000 - 0x00007ffdce881000 	C:\WINDOWS\SYSTEM32\apphelp.dll
0x00007ffdce8b0000 - 0x00007ffdce95c000 	C:\WINDOWS\system32\uxtheme.dll
0x00007ffdd37a0000 - 0x00007ffdd38be000 	C:\WINDOWS\System32\MSCTF.dll
0x00007ffdd21f0000 - 0x00007ffdd238a000 	C:\WINDOWS\System32\ole32.dll
0x00007ffdd0a50000 - 0x00007ffdd0a68000 	C:\WINDOWS\SYSTEM32\kernel.appcore.dll
0x00007ffdd1fa0000 - 0x00007ffdd201f000 	C:\WINDOWS\System32\bcryptPrimitives.dll
0x00007ffdceda0000 - 0x00007ffdcedcf000 	C:\WINDOWS\system32\DWMAPI.DLL
0x0000000056c80000 - 0x0000000056cc7000 	C:\Users\Qasim\Desktop\Sem 5\SDA\jdk1.8.0_111\jre\bin\fontmanager.dll
0x00000000569c0000 - 0x00000000569f1000 	C:\Users\Qasim\Desktop\Sem 5\SDA\jdk1.8.0_111\jre\bin\jpeg.dll
0x0000000056e90000 - 0x0000000056eaa000 	C:\Users\Qasim\Desktop\Sem 5\SDA\jdk1.8.0_111\jre\bin\net.dll
0x00007ffdd0e60000 - 0x00007ffdd0ec7000 	C:\WINDOWS\system32\mswsock.dll
0x0000000056e70000 - 0x0000000056e81000 	C:\Users\Qasim\Desktop\Sem 5\SDA\jdk1.8.0_111\jre\bin\nio.dll
0x0000000056c30000 - 0x0000000056c72000 	C:\Users\Qasim\Desktop\Sem 5\SDA\jdk1.8.0_111\jre\bin\t2k.dll
0x00007ffdb4490000 - 0x00007ffdb45bd000 	C:\WINDOWS\SYSTEM32\textinputframework.dll
0x0000000056a40000 - 0x0000000056a6a000 	C:\Users\Qasim\Desktop\Sem 5\SDA\jdk1.8.0_111\jre\bin\dcpr.dll
0x00007ffdce500000 - 0x00007ffdce632000 	C:\WINDOWS\SYSTEM32\CoreMessaging.dll
0x00007ffdcc5c0000 - 0x00007ffdcc92d000 	C:\WINDOWS\SYSTEM32\CoreUIComponents.dll
0x00007ffdd10c0000 - 0x00007ffdd10cc000 	C:\WINDOWS\SYSTEM32\CRYPTBASE.DLL
0x00007ffdb31a0000 - 0x00007ffdb324e000 	C:\WINDOWS\SYSTEM32\TextShaping.dll

VM Arguments:
jvm_args: -Dfile.encoding=UTF-8 
java_command: viewPatient
java_class_path (initial): C:\Users\Qasim\Desktop\Sem 5\SDA\NetBeans 8.2\java\modules\ext\AbsoluteLayout.jar;C:\Users\Qasim\Desktop\jcalendar-1.4\lib\jcalendar-1.4.jar;C:\Users\Qasim\Desktop\javax.mail.jar.zip;C:\Users\Qasim\Desktop\mysql-connector-java-8.0.20.jar-20231201T213359Z-001.zip;C:\Users\Qasim\Desktop\itext.jar-20231201T214110Z-001.zip;C:\Users\Qasim\Desktop\mysql-connector-j-8.1.0.jar;C:\Users\Qasim\Desktop\activation.jar;C:\Users\Qasim\Desktop\mail.jar;C:\Users\Qasim\Desktop\simple-java-mail-6.0.3.jar;C:\Users\Qasim\Documents\NetBeansProjects\PharmacyManagement\build\classes
Launcher Type: SUN_STANDARD

Environment Variables:
PATH=C:\ProgramData\Oracle\Java\javapath;C:\Program Files\Common Files\Oracle\Java\javapath;C:\WINDOWS\system32;C:\WINDOWS;C:\WINDOWS\System32\Wbem;C:\WINDOWS\System32\WindowsPowerShell\v1.0\;C:\WINDOWS\System32\OpenSSH\;C:\Program Files (x86)\NVIDIA Corporation\PhysX\Common;C:\Program Files\NVIDIA Corporation\NVIDIA NvDLISR;C:\WINDOWS\system32;C:\WINDOWS;C:\WINDOWS\System32\Wbem;C:\WINDOWS\System32\WindowsPowerShell\v1.0\;C:\WINDOWS\System32\OpenSSH\;C:\Program Files\dotnet\;C:\Program Files\Microsoft SQL Server\130\Tools\Binn\;C:\Program Files\Microsoft SQL Server\Client SDK\ODBC\170\Tools\Binn\;C:\Program Files\Microsoft SQL Server\Client SDK\ODBC\110\Tools\Binn\;C:\Program Files (x86)\Microsoft SQL Server\120\Tools\Binn\;C:\Program Files\Microsoft SQL Server\120\Tools\Binn\;C:\Program Files\Microsoft SQL Server\120\DTS\Binn\;C:\Program Files (x86)\Microsoft SQL Server\120\Tools\Binn\ManagementStudio\;C:\Program Files (x86)\Microsoft SQL Server\120\DTS\Binn\;C:\Program Files (x86)\Microsoft SQL Server\160\Tools\Binn\;C:\Program Files\Microsoft SQL Server\160\Tools\Binn\;C:\Program Files\Microsoft SQL Server\160\DTS\Binn\;C:\Program Files (x86)\Microsoft SQL Server\160\DTS\Binn\;C:\Program Files\Azure Data Studio\bin;C:\Program Files\MySQL\MySQL Server 8.0\bin;C:\Program Files\MySQL\MySQL Shell 8.0\bin\;C:\Users\Qasim\AppData\Local\Microsoft\WindowsApps;C:\Users\Qasim\.dotnet\tools;C:\Program Files\Azure Data Studio\bin
USERNAME=Qasim
OS=Windows_NT
PROCESSOR_IDENTIFIER=Intel64 Family 6 Model 126 Stepping 5, GenuineIntel



---------------  S Y S T E M  ---------------

OS: Windows 10.0 , 64 bit Build 22000 (10.0.22000.318)

CPU:total 8 (4 cores per cpu, 2 threads per core) family 6 model 126 stepping 5, cmov, cx8, fxsr, mmx, sse, sse2, sse3, ssse3, sse4.1, sse4.2, popcnt, avx, avx2, aes, clmul, erms, 3dnowpref, lzcnt, ht, tsc, tscinvbit, bmi1, bmi2, adx

Memory: 4k page, physical 8150356k(461260k free), swap 33316180k(148k free)

vm_info: Java HotSpot(TM) 64-Bit Server VM (25.111-b14) for windows-amd64 JRE (1.8.0_111-b14), built on Sep 22 2016 19:24:05 by "java_re" with MS VC++ 10.0 (VS2010)

time: Sat Dec 09 01:37:30 2023
elapsed time: 3547 seconds (0d 0h 59m 7s)

